<?xml version="1.0" encoding="UTF-8"?>
<testng-results ignored="0" total="1" passed="1" failed="0" skipped="0">
  <reporter-output>
  </reporter-output>
  <suite started-at="2024-10-10T09:50:05 UTC" name="Default suite" finished-at="2024-10-10T09:50:09 UTC" duration-ms="3717">
    <groups>
    </groups>
    <test started-at="2024-10-10T09:50:05 UTC" name="Default test" finished-at="2024-10-10T09:50:09 UTC" duration-ms="3717">
      <class name="Notes_API_User_Assignment.Delete_User">
        <test-method is-config="true" signature="login()[pri:0, instance:Notes_API_User_Assignment.Delete_User@776aec5c]" started-at="2024-10-10T09:50:05 UTC" name="login" finished-at="2024-10-10T09:50:09 UTC" duration-ms="3372" status="PASS">
          <reporter-output>
          </reporter-output>
        </test-method> <!-- login -->
        <test-method signature="delete()[pri:0, instance:Notes_API_User_Assignment.Delete_User@776aec5c]" started-at="2024-10-10T09:50:09 UTC" name="delete" finished-at="2024-10-10T09:50:09 UTC" duration-ms="307" status="PASS">
          <reporter-output>
          </reporter-output>
        </test-method> <!-- delete -->
      </class> <!-- Notes_API_User_Assignment.Delete_User -->
    </test> <!-- Default test -->
  </suite> <!-- Default suite -->
</testng-results>
